FUSE library version: 2.9.3
unique: 1, opcode: INIT (26), nodeid: 0, insize: 56, pid: 0
INIT: 7.20
flags=0x000017fb
max_readahead=0x00020000
   INIT: 7.19
   flags=0x00000000
   max_readahead=0x00020000
   max_write=0x00020000
   max_background=0
   congestion_threshold=0
   unique: 1, success, outsize: 40
unique: 2, opcode: OPENDIR (27), nodeid: 1, insize: 48, pid: 2643
   unique: 2, success, outsize: 32
unique: 3, opcode: LOOKUP (1), nodeid: 1, insize: 47, pid: 2685
   unique: 3, error: -2 (No such file or directory), outsize: 16
unique: 4, opcode: LOOKUP (1), nodeid: 1, insize: 57, pid: 6499
   unique: 4, error: -2 (No such file or directory), outsize: 16
unique: 5, opcode: LOOKUP (1), nodeid: 1, insize: 52, pid: 6500
   unique: 5, error: -2 (No such file or directory), outsize: 16
unique: 6, opcode: READDIR (28), nodeid: 1, insize: 80, pid: 2643
fuseserver_readdir
   unique: 6, success, outsize: 16
unique: 7, opcode: LOOKUP (1), nodeid: 1, insize: 52, pid: 2685
   unique: 7, error: -2 (No such file or directory), outsize: 16
unique: 8, opcode: RELEASEDIR (29), nodeid: 1, insize: 64, pid: 0
   unique: 8, success, outsize: 16
unique: 9, opcode: OPENDIR (27), nodeid: 1, insize: 48, pid: 2643
   unique: 9, success, outsize: 32
unique: 10, opcode: READDIR (28), nodeid: 1, insize: 80, pid: 2643
fuseserver_readdir
   unique: 10, success, outsize: 16
unique: 11, opcode: RELEASEDIR (29), nodeid: 1, insize: 64, pid: 0
   unique: 11, success, outsize: 16
unique: 12, opcode: OPENDIR (27), nodeid: 1, insize: 48, pid: 2643
   unique: 12, success, outsize: 32
unique: 13, opcode: READDIR (28), nodeid: 1, insize: 80, pid: 2643
fuseserver_readdir
   unique: 13, success, outsize: 16
unique: 14, opcode: RELEASEDIR (29), nodeid: 1, insize: 64, pid: 0
   unique: 14, success, outsize: 16
unique: 15, opcode: OPENDIR (27), nodeid: 1, insize: 48, pid: 2643
   unique: 15, success, outsize: 32
unique: 16, opcode: READDIR (28), nodeid: 1, insize: 80, pid: 2643
fuseserver_readdir
   unique: 16, success, outsize: 16
unique: 17, opcode: RELEASEDIR (29), nodeid: 1, insize: 64, pid: 0
   unique: 17, success, outsize: 16
unique: 18, opcode: OPENDIR (27), nodeid: 1, insize: 48, pid: 2643
   unique: 18, success, outsize: 32
unique: 19, opcode: READDIR (28), nodeid: 1, insize: 80, pid: 2643
fuseserver_readdir
   unique: 19, success, outsize: 16
unique: 20, opcode: RELEASEDIR (29), nodeid: 1, insize: 64, pid: 0
   unique: 20, success, outsize: 16
unique: 21, opcode: OPENDIR (27), nodeid: 1, insize: 48, pid: 2643
   unique: 21, success, outsize: 32
unique: 22, opcode: READDIR (28), nodeid: 1, insize: 80, pid: 2643
fuseserver_readdir
   unique: 22, success, outsize: 16
unique: 23, opcode: RELEASEDIR (29), nodeid: 1, insize: 64, pid: 0
   unique: 23, success, outsize: 16
unique: 24, opcode: OPENDIR (27), nodeid: 1, insize: 48, pid: 2643
   unique: 24, success, outsize: 32
unique: 25, opcode: READDIR (28), nodeid: 1, insize: 80, pid: 2643
fuseserver_readdir
   unique: 25, success, outsize: 16
unique: 26, opcode: RELEASEDIR (29), nodeid: 1, insize: 64, pid: 0
   unique: 26, success, outsize: 16
unique: 27, opcode: OPENDIR (27), nodeid: 1, insize: 48, pid: 2643
   unique: 27, success, outsize: 32
unique: 28, opcode: READDIR (28), nodeid: 1, insize: 80, pid: 2643
fuseserver_readdir
   unique: 28, success, outsize: 16
unique: 29, opcode: RELEASEDIR (29), nodeid: 1, insize: 64, pid: 0
   unique: 29, success, outsize: 16
unique: 30, opcode: OPENDIR (27), nodeid: 1, insize: 48, pid: 2643
   unique: 30, success, outsize: 32
unique: 31, opcode: READDIR (28), nodeid: 1, insize: 80, pid: 2643
fuseserver_readdir
   unique: 31, success, outsize: 16
unique: 32, opcode: RELEASEDIR (29), nodeid: 1, insize: 64, pid: 0
   unique: 32, success, outsize: 16
unique: 33, opcode: OPENDIR (27), nodeid: 1, insize: 48, pid: 2643
   unique: 33, success, outsize: 32
unique: 34, opcode: READDIR (28), nodeid: 1, insize: 80, pid: 2643
fuseserver_readdir
   unique: 34, success, outsize: 16
unique: 35, opcode: RELEASEDIR (29), nodeid: 1, insize: 64, pid: 0
   unique: 35, success, outsize: 16
unique: 36, opcode: OPENDIR (27), nodeid: 1, insize: 48, pid: 2643
   unique: 36, success, outsize: 32
unique: 37, opcode: READDIR (28), nodeid: 1, insize: 80, pid: 2643
fuseserver_readdir
   unique: 37, success, outsize: 16
unique: 38, opcode: RELEASEDIR (29), nodeid: 1, insize: 64, pid: 0
   unique: 38, success, outsize: 16
unique: 39, opcode: OPENDIR (27), nodeid: 1, insize: 48, pid: 2643
   unique: 39, success, outsize: 32
unique: 40, opcode: READDIR (28), nodeid: 1, insize: 80, pid: 2643
fuseserver_readdir
   unique: 40, success, outsize: 16
unique: 41, opcode: RELEASEDIR (29), nodeid: 1, insize: 64, pid: 0
   unique: 41, success, outsize: 16
unique: 42, opcode: OPENDIR (27), nodeid: 1, insize: 48, pid: 2643
   unique: 42, success, outsize: 32
unique: 43, opcode: READDIR (28), nodeid: 1, insize: 80, pid: 2643
fuseserver_readdir
   unique: 43, success, outsize: 16
unique: 44, opcode: RELEASEDIR (29), nodeid: 1, insize: 64, pid: 0
   unique: 44, success, outsize: 16
unique: 45, opcode: OPENDIR (27), nodeid: 1, insize: 48, pid: 2643
   unique: 45, success, outsize: 32
unique: 46, opcode: READDIR (28), nodeid: 1, insize: 80, pid: 2643
fuseserver_readdir
   unique: 46, success, outsize: 16
unique: 47, opcode: RELEASEDIR (29), nodeid: 1, insize: 64, pid: 0
   unique: 47, success, outsize: 16
unique: 48, opcode: OPENDIR (27), nodeid: 1, insize: 48, pid: 2643
   unique: 48, success, outsize: 32
unique: 49, opcode: READDIR (28), nodeid: 1, insize: 80, pid: 2643
fuseserver_readdir
   unique: 49, success, outsize: 16
unique: 50, opcode: RELEASEDIR (29), nodeid: 1, insize: 64, pid: 0
   unique: 50, success, outsize: 16
unique: 51, opcode: OPENDIR (27), nodeid: 1, insize: 48, pid: 2643
   unique: 51, success, outsize: 32
unique: 52, opcode: READDIR (28), nodeid: 1, insize: 80, pid: 2643
fuseserver_readdir
   unique: 52, success, outsize: 16
unique: 53, opcode: RELEASEDIR (29), nodeid: 1, insize: 64, pid: 0
   unique: 53, success, outsize: 16
unique: 54, opcode: OPENDIR (27), nodeid: 1, insize: 48, pid: 2643
   unique: 54, success, outsize: 32
unique: 55, opcode: READDIR (28), nodeid: 1, insize: 80, pid: 2643
fuseserver_readdir
   unique: 55, success, outsize: 16
unique: 56, opcode: RELEASEDIR (29), nodeid: 1, insize: 64, pid: 0
   unique: 56, success, outsize: 16
unique: 57, opcode: OPENDIR (27), nodeid: 1, insize: 48, pid: 2643
   unique: 57, success, outsize: 32
unique: 58, opcode: READDIR (28), nodeid: 1, insize: 80, pid: 2643
fuseserver_readdir
   unique: 58, success, outsize: 16
unique: 59, opcode: RELEASEDIR (29), nodeid: 1, insize: 64, pid: 0
   unique: 59, success, outsize: 16
unique: 60, opcode: OPENDIR (27), nodeid: 1, insize: 48, pid: 2643
   unique: 60, success, outsize: 32
unique: 61, opcode: READDIR (28), nodeid: 1, insize: 80, pid: 2643
fuseserver_readdir
   unique: 61, success, outsize: 16
unique: 62, opcode: RELEASEDIR (29), nodeid: 1, insize: 64, pid: 0
   unique: 62, success, outsize: 16
unique: 63, opcode: OPENDIR (27), nodeid: 1, insize: 48, pid: 2643
   unique: 63, success, outsize: 32
unique: 64, opcode: READDIR (28), nodeid: 1, insize: 80, pid: 2643
fuseserver_readdir
   unique: 64, success, outsize: 16
unique: 65, opcode: RELEASEDIR (29), nodeid: 1, insize: 64, pid: 0
   unique: 65, success, outsize: 16
unique: 66, opcode: OPENDIR (27), nodeid: 1, insize: 48, pid: 6499
   unique: 66, success, outsize: 32
unique: 67, opcode: READDIR (28), nodeid: 1, insize: 80, pid: 6500
fuseserver_readdir
   unique: 67, success, outsize: 16
unique: 68, opcode: RELEASEDIR (29), nodeid: 1, insize: 64, pid: 0
   unique: 68, success, outsize: 16
unique: 69, opcode: LOOKUP (1), nodeid: 1, insize: 52, pid: 6499
   unique: 69, error: -2 (No such file or directory), outsize: 16
unique: 70, opcode: GETATTR (3), nodeid: 1, insize: 56, pid: 2918
getattr 0000000000000001 0
getdir 0000000000000001
   getattr -> 1380525406 1380525406 1380525406
   unique: 70, success, outsize: 120
unique: 71, opcode: GETATTR (3), nodeid: 1, insize: 56, pid: 2917
getattr 0000000000000001 0
getdir 0000000000000001
   getattr -> 1380525406 1380525406 1380525406
   unique: 71, success, outsize: 120
unique: 72, opcode: GETATTR (3), nodeid: 1, insize: 56, pid: 2918
getattr 0000000000000001 0
getdir 0000000000000001
   getattr -> 1380525406 1380525406 1380525406
   unique: 72, success, outsize: 120
unique: 73, opcode: GETATTR (3), nodeid: 1, insize: 56, pid: 2917
getattr 0000000000000001 0
getdir 0000000000000001
   getattr -> 1380525406 1380525406 1380525406
   unique: 73, success, outsize: 120
unique: 74, opcode: GETATTR (3), nodeid: 1, insize: 56, pid: 2918
getattr 0000000000000001 0
getdir 0000000000000001
   getattr -> 1380525406 1380525406 1380525406
   unique: 74, success, outsize: 120
unique: 75, opcode: GETATTR (3), nodeid: 1, insize: 56, pid: 2917
getattr 0000000000000001 0
getdir 0000000000000001
   getattr -> 1380525406 1380525406 1380525406
   unique: 75, success, outsize: 120
unique: 76, opcode: GETATTR (3), nodeid: 1, insize: 56, pid: 2918
getattr 0000000000000001 0
getdir 0000000000000001
   getattr -> 1380525406 1380525406 1380525406
   unique: 76, success, outsize: 120
unique: 77, opcode: GETATTR (3), nodeid: 1, insize: 56, pid: 2917
getattr 0000000000000001 0
getdir 0000000000000001
   getattr -> 1380525406 1380525406 1380525406
   unique: 77, success, outsize: 120
unique: 78, opcode: GETATTR (3), nodeid: 1, insize: 56, pid: 2918
getattr 0000000000000001 0
getdir 0000000000000001
   getattr -> 1380525406 1380525406 1380525406
   unique: 78, success, outsize: 120
unique: 79, opcode: GETATTR (3), nodeid: 1, insize: 56, pid: 2917
getattr 0000000000000001 0
getdir 0000000000000001
   getattr -> 1380525406 1380525406 1380525406
   unique: 79, success, outsize: 120
unique: 80, opcode: GETATTR (3), nodeid: 1, insize: 56, pid: 2917
getattr 0000000000000001 0
getdir 0000000000000001
   getattr -> 1380525406 1380525406 1380525406
   unique: 80, success, outsize: 120
unique: 81, opcode: GETATTR (3), nodeid: 1, insize: 56, pid: 2918
getattr 0000000000000001 0
getdir 0000000000000001
   getattr -> 1380525406 1380525406 1380525406
   unique: 81, success, outsize: 120
unique: 82, opcode: GETATTR (3), nodeid: 1, insize: 56, pid: 2917
getattr 0000000000000001 0
getdir 0000000000000001
   getattr -> 1380525406 1380525406 1380525406
   unique: 82, success, outsize: 120
unique: 83, opcode: GETATTR (3), nodeid: 1, insize: 56, pid: 2918
getattr 0000000000000001 0
getdir 0000000000000001
   getattr -> 1380525406 1380525406 1380525406
   unique: 83, success, outsize: 120
unique: 84, opcode: GETATTR (3), nodeid: 1, insize: 56, pid: 2917
getattr 0000000000000001 0
getdir 0000000000000001
   getattr -> 1380525406 1380525406 1380525406
   unique: 84, success, outsize: 120
unique: 85, opcode: GETATTR (3), nodeid: 1, insize: 56, pid: 2918
getattr 0000000000000001 0
getdir 0000000000000001
   getattr -> 1380525406 1380525406 1380525406
   unique: 85, success, outsize: 120
unique: 86, opcode: GETATTR (3), nodeid: 1, insize: 56, pid: 2917
getattr 0000000000000001 0
getdir 0000000000000001
   getattr -> 1380525406 1380525406 1380525406
   unique: 86, success, outsize: 120
unique: 87, opcode: GETATTR (3), nodeid: 1, insize: 56, pid: 2918
getattr 0000000000000001 0
getdir 0000000000000001
   getattr -> 1380525406 1380525406 1380525406
   unique: 87, success, outsize: 120
unique: 88, opcode: GETATTR (3), nodeid: 1, insize: 56, pid: 2917
getattr 0000000000000001 0
getdir 0000000000000001
   getattr -> 1380525406 1380525406 1380525406
   unique: 88, success, outsize: 120
unique: 89, opcode: GETATTR (3), nodeid: 1, insize: 56, pid: 2918
getattr 0000000000000001 0
getdir 0000000000000001
   getattr -> 1380525406 1380525406 1380525406
   unique: 89, success, outsize: 120
unique: 90, opcode: GETATTR (3), nodeid: 1, insize: 56, pid: 2917
getattr 0000000000000001 0
getdir 0000000000000001
   getattr -> 1380525406 1380525406 1380525406
   unique: 90, success, outsize: 120
unique: 91, opcode: GETATTR (3), nodeid: 1, insize: 56, pid: 2918
getattr 0000000000000001 0
getdir 0000000000000001
   getattr -> 1380525406 1380525406 1380525406
   unique: 91, success, outsize: 120
unique: 92, opcode: GETATTR (3), nodeid: 1, insize: 56, pid: 2917
getattr 0000000000000001 0
getdir 0000000000000001
   getattr -> 1380525406 1380525406 1380525406
   unique: 92, success, outsize: 120
unique: 93, opcode: GETATTR (3), nodeid: 1, insize: 56, pid: 2918
getattr 0000000000000001 0
getdir 0000000000000001
   getattr -> 1380525406 1380525406 1380525406
   unique: 93, success, outsize: 120
unique: 94, opcode: GETATTR (3), nodeid: 1, insize: 56, pid: 2917
getattr 0000000000000001 0
getdir 0000000000000001
   getattr -> 1380525406 1380525406 1380525406
   unique: 94, success, outsize: 120
unique: 95, opcode: GETATTR (3), nodeid: 1, insize: 56, pid: 2918
getattr 0000000000000001 0
getdir 0000000000000001
   getattr -> 1380525406 1380525406 1380525406
   unique: 95, success, outsize: 120
unique: 96, opcode: OPENDIR (27), nodeid: 1, insize: 48, pid: 2875
   unique: 96, success, outsize: 32
unique: 97, opcode: GETATTR (3), nodeid: 1, insize: 56, pid: 2875
getattr 0000000000000001 0
getdir 0000000000000001
   getattr -> 1380525406 1380525406 1380525406
   unique: 97, success, outsize: 120
unique: 98, opcode: STATFS (17), nodeid: 1, insize: 40, pid: 2875
statfs
   unique: 98, success, outsize: 96
unique: 99, opcode: GETATTR (3), nodeid: 1, insize: 56, pid: 2875
getattr 0000000000000001 0
getdir 0000000000000001
   getattr -> 1380525406 1380525406 1380525406
   unique: 99, success, outsize: 120
unique: 100, opcode: RELEASEDIR (29), nodeid: 1, insize: 64, pid: 0
   unique: 100, success, outsize: 16
unique: 101, opcode: OPENDIR (27), nodeid: 1, insize: 48, pid: 2875
   unique: 101, success, outsize: 32
unique: 102, opcode: GETATTR (3), nodeid: 1, insize: 56, pid: 2875
getattr 0000000000000001 0
getdir 0000000000000001
   getattr -> 1380525406 1380525406 1380525406
   unique: 102, success, outsize: 120
unique: 103, opcode: STATFS (17), nodeid: 1, insize: 40, pid: 2875
statfs
   unique: 103, success, outsize: 96
unique: 104, opcode: GETATTR (3), nodeid: 1, insize: 56, pid: 2875
getattr 0000000000000001 0
getdir 0000000000000001
   getattr -> 1380525406 1380525406 1380525406
   unique: 104, success, outsize: 120
unique: 105, opcode: RELEASEDIR (29), nodeid: 1, insize: 64, pid: 0
   unique: 105, success, outsize: 16
unique: 106, opcode: OPENDIR (27), nodeid: 1, insize: 48, pid: 2875
   unique: 106, success, outsize: 32
unique: 107, opcode: GETATTR (3), nodeid: 1, insize: 56, pid: 2875
getattr 0000000000000001 0
getdir 0000000000000001
   getattr -> 1380525406 1380525406 1380525406
   unique: 107, success, outsize: 120
unique: 108, opcode: STATFS (17), nodeid: 1, insize: 40, pid: 2875
statfs
   unique: 108, success, outsize: 96
unique: 109, opcode: GETATTR (3), nodeid: 1, insize: 56, pid: 2875
getattr 0000000000000001 0
getdir 0000000000000001
   getattr -> 1380525406 1380525406 1380525406
   unique: 109, success, outsize: 120
unique: 110, opcode: RELEASEDIR (29), nodeid: 1, insize: 64, pid: 0
   unique: 110, success, outsize: 16
unique: 111, opcode: OPENDIR (27), nodeid: 1, insize: 48, pid: 2875
   unique: 111, success, outsize: 32
unique: 112, opcode: GETXATTR (22), nodeid: 1, insize: 76, pid: 2875
   unique: 112, error: -38 (Function not implemented), outsize: 16
unique: 113, opcode: OPENDIR (27), nodeid: 1, insize: 48, pid: 2875
   unique: 113, success, outsize: 32
unique: 114, opcode: GETATTR (3), nodeid: 1, insize: 56, pid: 2875
getattr 0000000000000001 0
getdir 0000000000000001
   getattr -> 1380525406 1380525406 1380525406
   unique: 114, success, outsize: 120
unique: 115, opcode: STATFS (17), nodeid: 1, insize: 40, pid: 2875
statfs
   unique: 115, success, outsize: 96
unique: 116, opcode: GETATTR (3), nodeid: 1, insize: 56, pid: 2875
getattr 0000000000000001 0
getdir 0000000000000001
   getattr -> 1380525406 1380525406 1380525406
   unique: 116, success, outsize: 120
unique: 117, opcode: RELEASEDIR (29), nodeid: 1, insize: 64, pid: 0
   unique: 117, success, outsize: 16
unique: 118, opcode: RELEASEDIR (29), nodeid: 1, insize: 64, pid: 0
   unique: 118, success, outsize: 16
unique: 119, opcode: LOOKUP (1), nodeid: 1, insize: 54, pid: 2875
   unique: 119, error: -2 (No such file or directory), outsize: 16
unique: 120, opcode: OPENDIR (27), nodeid: 1, insize: 48, pid: 2875
   unique: 120, success, outsize: 32
unique: 121, opcode: GETATTR (3), nodeid: 1, insize: 56, pid: 2875
getattr 0000000000000001 0
getdir 0000000000000001
   getattr -> 1380525406 1380525406 1380525406
   unique: 121, success, outsize: 120
unique: 122, opcode: STATFS (17), nodeid: 1, insize: 40, pid: 2875
statfs
   unique: 122, success, outsize: 96
unique: 123, opcode: GETATTR (3), nodeid: 1, insize: 56, pid: 2875
getattr 0000000000000001 0
getdir 0000000000000001
   getattr -> 1380525406 1380525406 1380525406
   unique: 123, success, outsize: 120
unique: 124, opcode: RELEASEDIR (29), nodeid: 1, insize: 64, pid: 0
   unique: 124, success, outsize: 16
unique: 125, opcode: LOOKUP (1), nodeid: 1, insize: 49, pid: 2875
   unique: 125, error: -2 (No such file or directory), outsize: 16
unique: 126, opcode: OPENDIR (27), nodeid: 1, insize: 48, pid: 2875
   unique: 126, success, outsize: 32
unique: 127, opcode: GETATTR (3), nodeid: 1, insize: 56, pid: 2875
getattr 0000000000000001 0
getdir 0000000000000001
   getattr -> 1380525406 1380525406 1380525406
   unique: 127, success, outsize: 120
unique: 128, opcode: STATFS (17), nodeid: 1, insize: 40, pid: 2875
statfs
   unique: 128, success, outsize: 96
unique: 129, opcode: GETATTR (3), nodeid: 1, insize: 56, pid: 2875
getattr 0000000000000001 0
getdir 0000000000000001
   getattr -> 1380525406 1380525406 1380525406
   unique: 129, success, outsize: 120
unique: 130, opcode: RELEASEDIR (29), nodeid: 1, insize: 64, pid: 0
   unique: 130, success, outsize: 16
unique: 131, opcode: GETATTR (3), nodeid: 1, insize: 56, pid: 2917
getattr 0000000000000001 0
getdir 0000000000000001
   getattr -> 1380525406 1380525406 1380525406
   unique: 131, success, outsize: 120
unique: 132, opcode: GETATTR (3), nodeid: 1, insize: 56, pid: 2918
getattr 0000000000000001 0
getdir 0000000000000001
   getattr -> 1380525406 1380525406 1380525406
   unique: 132, success, outsize: 120
unique: 133, opcode: GETATTR (3), nodeid: 1, insize: 56, pid: 2917
getattr 0000000000000001 0
getdir 0000000000000001
   getattr -> 1380525406 1380525406 1380525406
   unique: 133, success, outsize: 120
unique: 134, opcode: GETATTR (3), nodeid: 1, insize: 56, pid: 2918
getattr 0000000000000001 0
getdir 0000000000000001
   getattr -> 1380525406 1380525406 1380525406
   unique: 134, success, outsize: 120
unique: 135, opcode: OPENDIR (27), nodeid: 1, insize: 48, pid: 2874
   unique: 135, success, outsize: 32
unique: 136, opcode: GETATTR (3), nodeid: 1, insize: 56, pid: 2874
getattr 0000000000000001 0
getdir 0000000000000001
   getattr -> 1380525406 1380525406 1380525406
   unique: 136, success, outsize: 120
unique: 137, opcode: STATFS (17), nodeid: 1, insize: 40, pid: 2874
statfs
   unique: 137, success, outsize: 96
unique: 138, opcode: GETATTR (3), nodeid: 1, insize: 56, pid: 2874
getattr 0000000000000001 0
getdir 0000000000000001
   getattr -> 1380525406 1380525406 1380525406
   unique: 138, success, outsize: 120
unique: 139, opcode: RELEASEDIR (29), nodeid: 1, insize: 64, pid: 0
   unique: 139, success, outsize: 16
unique: 140, opcode: GETATTR (3), nodeid: 1, insize: 56, pid: 2917
getattr 0000000000000001 0
getdir 0000000000000001
   getattr -> 1380525406 1380525406 1380525406
   unique: 140, success, outsize: 120
unique: 141, opcode: OPENDIR (27), nodeid: 1, insize: 48, pid: 2874
   unique: 141, success, outsize: 32
unique: 142, opcode: GETATTR (3), nodeid: 1, insize: 56, pid: 2874
getattr 0000000000000001 0
getdir 0000000000000001
   getattr -> 1380525406 1380525406 1380525406
   unique: 142, success, outsize: 120
unique: 143, opcode: STATFS (17), nodeid: 1, insize: 40, pid: 2874
statfs
   unique: 143, success, outsize: 96
unique: 144, opcode: GETATTR (3), nodeid: 1, insize: 56, pid: 2874
getattr 0000000000000001 0
getdir 0000000000000001
   getattr -> 1380525406 1380525406 1380525406
   unique: 144, success, outsize: 120
unique: 145, opcode: RELEASEDIR (29), nodeid: 1, insize: 64, pid: 0
   unique: 145, success, outsize: 16
unique: 146, opcode: OPENDIR (27), nodeid: 1, insize: 48, pid: 2874
   unique: 146, success, outsize: 32
unique: 147, opcode: GETATTR (3), nodeid: 1, insize: 56, pid: 2874
getattr 0000000000000001 0
getdir 0000000000000001
   getattr -> 1380525406 1380525406 1380525406
   unique: 147, success, outsize: 120
unique: 148, opcode: READDIR (28), nodeid: 1, insize: 80, pid: 2874
fuseserver_readdir
   unique: 148, success, outsize: 16
unique: 149, opcode: RELEASEDIR (29), nodeid: 1, insize: 64, pid: 0
   unique: 149, success, outsize: 16
unique: 150, opcode: GETATTR (3), nodeid: 1, insize: 56, pid: 2918
getattr 0000000000000001 0
getdir 0000000000000001
   getattr -> 1380525406 1380525406 1380525406
   unique: 150, success, outsize: 120
unique: 151, opcode: GETATTR (3), nodeid: 1, insize: 56, pid: 2917
getattr 0000000000000001 0
getdir 0000000000000001
   getattr -> 1380525406 1380525406 1380525406
   unique: 151, success, outsize: 120
unique: 152, opcode: GETATTR (3), nodeid: 1, insize: 56, pid: 2918
getattr 0000000000000001 0
getdir 0000000000000001
   getattr -> 1380525406 1380525406 1380525406
   unique: 152, success, outsize: 120
unique: 153, opcode: GETATTR (3), nodeid: 1, insize: 56, pid: 2917
getattr 0000000000000001 0
getdir 0000000000000001
   getattr -> 1380525406 1380525406 1380525406
   unique: 153, success, outsize: 120
unique: 154, opcode: GETATTR (3), nodeid: 1, insize: 56, pid: 2918
getattr 0000000000000001 0
getdir 0000000000000001
   getattr -> 1380525406 1380525406 1380525406
   unique: 154, success, outsize: 120
unique: 155, opcode: GETATTR (3), nodeid: 1, insize: 56, pid: 2917
getattr 0000000000000001 0
getdir 0000000000000001
   getattr -> 1380525406 1380525406 1380525406
   unique: 155, success, outsize: 120
unique: 156, opcode: GETATTR (3), nodeid: 1, insize: 56, pid: 2918
getattr 0000000000000001 0
getdir 0000000000000001
   getattr -> 1380525406 1380525406 1380525406
   unique: 156, success, outsize: 120
unique: 157, opcode: GETATTR (3), nodeid: 1, insize: 56, pid: 2917
getattr 0000000000000001 0
getdir 0000000000000001
   getattr -> 1380525406 1380525406 1380525406
   unique: 157, success, outsize: 120
unique: 158, opcode: GETATTR (3), nodeid: 1, insize: 56, pid: 2918
getattr 0000000000000001 0
getdir 0000000000000001
   getattr -> 1380525406 1380525406 1380525406
   unique: 158, success, outsize: 120
unique: 159, opcode: GETATTR (3), nodeid: 1, insize: 56, pid: 2917
getattr 0000000000000001 0
getdir 0000000000000001
   getattr -> 1380525406 1380525406 1380525406
   unique: 159, success, outsize: 120
unique: 160, opcode: GETATTR (3), nodeid: 1, insize: 56, pid: 2918
getattr 0000000000000001 0
getdir 0000000000000001
   getattr -> 1380525406 1380525406 1380525406
   unique: 160, success, outsize: 120
unique: 161, opcode: GETATTR (3), nodeid: 1, insize: 56, pid: 2917
getattr 0000000000000001 0
getdir 0000000000000001
   getattr -> 1380525406 1380525406 1380525406
   unique: 161, success, outsize: 120
unique: 162, opcode: GETATTR (3), nodeid: 1, insize: 56, pid: 2918
getattr 0000000000000001 0
getdir 0000000000000001
   getattr -> 1380525406 1380525406 1380525406
   unique: 162, success, outsize: 120
unique: 163, opcode: GETATTR (3), nodeid: 1, insize: 56, pid: 2917
getattr 0000000000000001 0
getdir 0000000000000001
   getattr -> 1380525406 1380525406 1380525406
   unique: 163, success, outsize: 120
unique: 164, opcode: GETATTR (3), nodeid: 1, insize: 56, pid: 2918
getattr 0000000000000001 0
getdir 0000000000000001
   getattr -> 1380525406 1380525406 1380525406
   unique: 164, success, outsize: 120
unique: 165, opcode: GETATTR (3), nodeid: 1, insize: 56, pid: 2917
getattr 0000000000000001 0
getdir 0000000000000001
   getattr -> 1380525406 1380525406 1380525406
   unique: 165, success, outsize: 120
unique: 166, opcode: GETATTR (3), nodeid: 1, insize: 56, pid: 2918
getattr 0000000000000001 0
getdir 0000000000000001
   getattr -> 1380525406 1380525406 1380525406
   unique: 166, success, outsize: 120
unique: 167, opcode: GETATTR (3), nodeid: 1, insize: 56, pid: 2917
getattr 0000000000000001 0
getdir 0000000000000001
   getattr -> 1380525406 1380525406 1380525406
   unique: 167, success, outsize: 120
unique: 168, opcode: GETATTR (3), nodeid: 1, insize: 56, pid: 2918
getattr 0000000000000001 0
getdir 0000000000000001
   getattr -> 1380525406 1380525406 1380525406
   unique: 168, success, outsize: 120
unique: 169, opcode: GETATTR (3), nodeid: 1, insize: 56, pid: 2917
getattr 0000000000000001 0
getdir 0000000000000001
   getattr -> 1380525406 1380525406 1380525406
   unique: 169, success, outsize: 120
unique: 170, opcode: GETATTR (3), nodeid: 1, insize: 56, pid: 2918
getattr 0000000000000001 0
getdir 0000000000000001
   getattr -> 1380525406 1380525406 1380525406
   unique: 170, success, outsize: 120
unique: 171, opcode: GETATTR (3), nodeid: 1, insize: 56, pid: 2917
getattr 0000000000000001 0
getdir 0000000000000001
   getattr -> 1380525406 1380525406 1380525406
   unique: 171, success, outsize: 120
unique: 172, opcode: GETATTR (3), nodeid: 1, insize: 56, pid: 2918
getattr 0000000000000001 0
getdir 0000000000000001
   getattr -> 1380525406 1380525406 1380525406
   unique: 172, success, outsize: 120
unique: 173, opcode: GETATTR (3), nodeid: 1, insize: 56, pid: 2917
getattr 0000000000000001 0
getdir 0000000000000001
   getattr -> 1380525406 1380525406 1380525406
   unique: 173, success, outsize: 120
unique: 174, opcode: GETATTR (3), nodeid: 1, insize: 56, pid: 2918
getattr 0000000000000001 0
getdir 0000000000000001
   getattr -> 1380525406 1380525406 1380525406
   unique: 174, success, outsize: 120
unique: 175, opcode: GETATTR (3), nodeid: 1, insize: 56, pid: 2917
getattr 0000000000000001 0
getdir 0000000000000001
   getattr -> 1380525406 1380525406 1380525406
   unique: 175, success, outsize: 120
unique: 176, opcode: GETATTR (3), nodeid: 1, insize: 56, pid: 2918
getattr 0000000000000001 0
getdir 0000000000000001
   getattr -> 1380525406 1380525406 1380525406
   unique: 176, success, outsize: 120
unique: 177, opcode: GETATTR (3), nodeid: 1, insize: 56, pid: 2917
getattr 0000000000000001 0
getdir 0000000000000001
   getattr -> 1380525406 1380525406 1380525406
   unique: 177, success, outsize: 120
unique: 178, opcode: GETATTR (3), nodeid: 1, insize: 56, pid: 2918
getattr 0000000000000001 0
getdir 0000000000000001
   getattr -> 1380525406 1380525406 1380525406
   unique: 178, success, outsize: 120
unique: 179, opcode: GETATTR (3), nodeid: 1, insize: 56, pid: 2917
getattr 0000000000000001 0
getdir 0000000000000001
   getattr -> 1380525406 1380525406 1380525406
   unique: 179, success, outsize: 120
unique: 180, opcode: GETATTR (3), nodeid: 1, insize: 56, pid: 2918
getattr 0000000000000001 0
getdir 0000000000000001
   getattr -> 1380525406 1380525406 1380525406
   unique: 180, success, outsize: 120
unique: 181, opcode: GETATTR (3), nodeid: 1, insize: 56, pid: 2917
getattr 0000000000000001 0
getdir 0000000000000001
   getattr -> 1380525406 1380525406 1380525406
   unique: 181, success, outsize: 120
unique: 182, opcode: GETATTR (3), nodeid: 1, insize: 56, pid: 2918
getattr 0000000000000001 0
getdir 0000000000000001
   getattr -> 1380525406 1380525406 1380525406
   unique: 182, success, outsize: 120
unique: 183, opcode: GETATTR (3), nodeid: 1, insize: 56, pid: 2917
getattr 0000000000000001 0
getdir 0000000000000001
   getattr -> 1380525406 1380525406 1380525406
   unique: 183, success, outsize: 120
unique: 184, opcode: GETATTR (3), nodeid: 1, insize: 56, pid: 2918
getattr 0000000000000001 0
getdir 0000000000000001
   getattr -> 1380525406 1380525406 1380525406
   unique: 184, success, outsize: 120
unique: 185, opcode: GETATTR (3), nodeid: 1, insize: 56, pid: 2917
getattr 0000000000000001 0
getdir 0000000000000001
   getattr -> 1380525406 1380525406 1380525406
   unique: 185, success, outsize: 120
unique: 186, opcode: GETATTR (3), nodeid: 1, insize: 56, pid: 2918
getattr 0000000000000001 0
getdir 0000000000000001
   getattr -> 1380525406 1380525406 1380525406
   unique: 186, success, outsize: 120
unique: 187, opcode: GETATTR (3), nodeid: 1, insize: 56, pid: 2917
getattr 0000000000000001 0
getdir 0000000000000001
   getattr -> 1380525406 1380525406 1380525406
   unique: 187, success, outsize: 120
unique: 188, opcode: GETATTR (3), nodeid: 1, insize: 56, pid: 2918
getattr 0000000000000001 0
getdir 0000000000000001
   getattr -> 1380525406 1380525406 1380525406
   unique: 188, success, outsize: 120
unique: 189, opcode: GETATTR (3), nodeid: 1, insize: 56, pid: 2917
getattr 0000000000000001 0
getdir 0000000000000001
   getattr -> 1380525406 1380525406 1380525406
   unique: 189, success, outsize: 120
unique: 190, opcode: GETATTR (3), nodeid: 1, insize: 56, pid: 2918
getattr 0000000000000001 0
getdir 0000000000000001
   getattr -> 1380525406 1380525406 1380525406
   unique: 190, success, outsize: 120
unique: 191, opcode: GETATTR (3), nodeid: 1, insize: 56, pid: 2917
getattr 0000000000000001 0
getdir 0000000000000001
   getattr -> 1380525406 1380525406 1380525406
   unique: 191, success, outsize: 120
unique: 192, opcode: GETATTR (3), nodeid: 1, insize: 56, pid: 2918
getattr 0000000000000001 0
getdir 0000000000000001
   getattr -> 1380525406 1380525406 1380525406
   unique: 192, success, outsize: 120
unique: 193, opcode: GETATTR (3), nodeid: 1, insize: 56, pid: 2917
getattr 0000000000000001 0
getdir 0000000000000001
   getattr -> 1380525406 1380525406 1380525406
   unique: 193, success, outsize: 120
unique: 194, opcode: GETATTR (3), nodeid: 1, insize: 56, pid: 2918
getattr 0000000000000001 0
getdir 0000000000000001
   getattr -> 1380525406 1380525406 1380525406
   unique: 194, success, outsize: 120
unique: 195, opcode: GETATTR (3), nodeid: 1, insize: 56, pid: 2917
getattr 0000000000000001 0
getdir 0000000000000001
   getattr -> 1380525406 1380525406 1380525406
   unique: 195, success, outsize: 120
unique: 196, opcode: GETATTR (3), nodeid: 1, insize: 56, pid: 2918
getattr 0000000000000001 0
getdir 0000000000000001
   getattr -> 1380525406 1380525406 1380525406
   unique: 196, success, outsize: 120
unique: 197, opcode: GETATTR (3), nodeid: 1, insize: 56, pid: 2917
getattr 0000000000000001 0
getdir 0000000000000001
   getattr -> 1380525406 1380525406 1380525406
   unique: 197, success, outsize: 120
unique: 198, opcode: GETATTR (3), nodeid: 1, insize: 56, pid: 2918
getattr 0000000000000001 0
getdir 0000000000000001
   getattr -> 1380525406 1380525406 1380525406
   unique: 198, success, outsize: 120
unique: 199, opcode: GETATTR (3), nodeid: 1, insize: 56, pid: 2917
getattr 0000000000000001 0
getdir 0000000000000001
   getattr -> 1380525406 1380525406 1380525406
   unique: 199, success, outsize: 120
unique: 200, opcode: GETATTR (3), nodeid: 1, insize: 56, pid: 2918
getattr 0000000000000001 0
getdir 0000000000000001
   getattr -> 1380525406 1380525406 1380525406
   unique: 200, success, outsize: 120
unique: 201, opcode: GETATTR (3), nodeid: 1, insize: 56, pid: 2917
getattr 0000000000000001 0
getdir 0000000000000001
   getattr -> 1380525406 1380525406 1380525406
   unique: 201, success, outsize: 120
unique: 202, opcode: GETATTR (3), nodeid: 1, insize: 56, pid: 2918
getattr 0000000000000001 0
getdir 0000000000000001
   getattr -> 1380525406 1380525406 1380525406
   unique: 202, success, outsize: 120
unique: 203, opcode: GETATTR (3), nodeid: 1, insize: 56, pid: 2917
getattr 0000000000000001 0
getdir 0000000000000001
   getattr -> 1380525406 1380525406 1380525406
   unique: 203, success, outsize: 120
unique: 204, opcode: GETATTR (3), nodeid: 1, insize: 56, pid: 2918
getattr 0000000000000001 0
getdir 0000000000000001
   getattr -> 1380525406 1380525406 1380525406
   unique: 204, success, outsize: 120
unique: 205, opcode: GETATTR (3), nodeid: 1, insize: 56, pid: 2917
getattr 0000000000000001 0
getdir 0000000000000001
   getattr -> 1380525406 1380525406 1380525406
   unique: 205, success, outsize: 120
unique: 206, opcode: GETATTR (3), nodeid: 1, insize: 56, pid: 2918
getattr 0000000000000001 0
getdir 0000000000000001
   getattr -> 1380525406 1380525406 1380525406
   unique: 206, success, outsize: 120
unique: 207, opcode: GETATTR (3), nodeid: 1, insize: 56, pid: 2917
getattr 0000000000000001 0
getdir 0000000000000001
   getattr -> 1380525406 1380525406 1380525406
   unique: 207, success, outsize: 120
unique: 208, opcode: GETATTR (3), nodeid: 1, insize: 56, pid: 2918
getattr 0000000000000001 0
getdir 0000000000000001
   getattr -> 1380525406 1380525406 1380525406
   unique: 208, success, outsize: 120
unique: 209, opcode: GETATTR (3), nodeid: 1, insize: 56, pid: 2917
getattr 0000000000000001 0
getdir 0000000000000001
   getattr -> 1380525406 1380525406 1380525406
   unique: 209, success, outsize: 120
unique: 210, opcode: GETATTR (3), nodeid: 1, insize: 56, pid: 6537
getattr 0000000000000001 0
getdir 0000000000000001
   getattr -> 1380525406 1380525406 1380525406
   unique: 210, success, outsize: 120
unique: 211, opcode: OPENDIR (27), nodeid: 1, insize: 48, pid: 6537
   unique: 211, success, outsize: 32
unique: 212, opcode: READDIR (28), nodeid: 1, insize: 80, pid: 6537
fuseserver_readdir
   unique: 212, success, outsize: 16
unique: 213, opcode: RELEASEDIR (29), nodeid: 1, insize: 64, pid: 0
   unique: 213, success, outsize: 16
unique: 214, opcode: GETATTR (3), nodeid: 1, insize: 56, pid: 2918
getattr 0000000000000001 0
getdir 0000000000000001
   getattr -> 1380525406 1380525406 1380525406
   unique: 214, success, outsize: 120
unique: 215, opcode: GETATTR (3), nodeid: 1, insize: 56, pid: 2917
getattr 0000000000000001 0
getdir 0000000000000001
   getattr -> 1380525406 1380525406 1380525406
   unique: 215, success, outsize: 120
unique: 216, opcode: GETATTR (3), nodeid: 1, insize: 56, pid: 2918
getattr 0000000000000001 0
getdir 0000000000000001
   getattr -> 1380525406 1380525406 1380525406
   unique: 216, success, outsize: 120
unique: 217, opcode: GETATTR (3), nodeid: 1, insize: 56, pid: 2917
getattr 0000000000000001 0
getdir 0000000000000001
   getattr -> 1380525406 1380525406 1380525406
   unique: 217, success, outsize: 120
unique: 218, opcode: GETATTR (3), nodeid: 1, insize: 56, pid: 2918
getattr 0000000000000001 0
getdir 0000000000000001
   getattr -> 1380525406 1380525406 1380525406
   unique: 218, success, outsize: 120
unique: 219, opcode: GETATTR (3), nodeid: 1, insize: 56, pid: 2917
getattr 0000000000000001 0
getdir 0000000000000001
   getattr -> 1380525406 1380525406 1380525406
   unique: 219, success, outsize: 120
unique: 220, opcode: GETATTR (3), nodeid: 1, insize: 56, pid: 2918
getattr 0000000000000001 0
getdir 0000000000000001
   getattr -> 1380525406 1380525406 1380525406
   unique: 220, success, outsize: 120
unique: 221, opcode: GETATTR (3), nodeid: 1, insize: 56, pid: 2917
getattr 0000000000000001 0
getdir 0000000000000001
   getattr -> 1380525406 1380525406 1380525406
   unique: 221, success, outsize: 120
unique: 222, opcode: GETATTR (3), nodeid: 1, insize: 56, pid: 2918
getattr 0000000000000001 0
getdir 0000000000000001
   getattr -> 1380525406 1380525406 1380525406
   unique: 222, success, outsize: 120
unique: 223, opcode: GETATTR (3), nodeid: 1, insize: 56, pid: 2917
getattr 0000000000000001 0
getdir 0000000000000001
   getattr -> 1380525406 1380525406 1380525406
   unique: 223, success, outsize: 120
unique: 224, opcode: GETATTR (3), nodeid: 1, insize: 56, pid: 2918
getattr 0000000000000001 0
getdir 0000000000000001
   getattr -> 1380525406 1380525406 1380525406
   unique: 224, success, outsize: 120
unique: 225, opcode: GETATTR (3), nodeid: 1, insize: 56, pid: 2917
getattr 0000000000000001 0
getdir 0000000000000001
   getattr -> 1380525406 1380525406 1380525406
   unique: 225, success, outsize: 120
unique: 226, opcode: GETATTR (3), nodeid: 1, insize: 56, pid: 2918
getattr 0000000000000001 0
getdir 0000000000000001
   getattr -> 1380525406 1380525406 1380525406
   unique: 226, success, outsize: 120
unique: 227, opcode: GETATTR (3), nodeid: 1, insize: 56, pid: 2917
getattr 0000000000000001 0
getdir 0000000000000001
   getattr -> 1380525406 1380525406 1380525406
   unique: 227, success, outsize: 120
unique: 228, opcode: GETATTR (3), nodeid: 1, insize: 56, pid: 2918
getattr 0000000000000001 0
getdir 0000000000000001
   getattr -> 1380525406 1380525406 1380525406
   unique: 228, success, outsize: 120
unique: 229, opcode: GETATTR (3), nodeid: 1, insize: 56, pid: 2917
getattr 0000000000000001 0
getdir 0000000000000001
   getattr -> 1380525406 1380525406 1380525406
   unique: 229, success, outsize: 120
unique: 230, opcode: GETATTR (3), nodeid: 1, insize: 56, pid: 2918
getattr 0000000000000001 0
getdir 0000000000000001
   getattr -> 1380525406 1380525406 1380525406
   unique: 230, success, outsize: 120
unique: 231, opcode: GETATTR (3), nodeid: 1, insize: 56, pid: 2917
getattr 0000000000000001 0
getdir 0000000000000001
   getattr -> 1380525406 1380525406 1380525406
   unique: 231, success, outsize: 120
unique: 232, opcode: LOOKUP (1), nodeid: 1, insize: 93, pid: 6543
   unique: 232, error: -2 (No such file or directory), outsize: 16
unique: 233, opcode: CREATE (35), nodeid: 1, insize: 109, pid: 6543
   unique: 233, error: -2 (No such file or directory), outsize: 16
unique: 234, opcode: GETATTR (3), nodeid: 1, insize: 56, pid: 2918
getattr 0000000000000001 0
getdir 0000000000000001
   getattr -> 1380525406 1380525406 1380525406
   unique: 234, success, outsize: 120
unique: 235, opcode: GETATTR (3), nodeid: 1, insize: 56, pid: 2917
getattr 0000000000000001 0
getdir 0000000000000001
   getattr -> 1380525406 1380525406 1380525406
   unique: 235, success, outsize: 120
unique: 236, opcode: GETATTR (3), nodeid: 1, insize: 56, pid: 2918
getattr 0000000000000001 0
getdir 0000000000000001
   getattr -> 1380525406 1380525406 1380525406
   unique: 236, success, outsize: 120
unique: 237, opcode: GETATTR (3), nodeid: 1, insize: 56, pid: 2917
getattr 0000000000000001 0
getdir 0000000000000001
   getattr -> 1380525406 1380525406 1380525406
   unique: 237, success, outsize: 120
unique: 238, opcode: GETATTR (3), nodeid: 1, insize: 56, pid: 2918
getattr 0000000000000001 0
getdir 0000000000000001
   getattr -> 1380525406 1380525406 1380525406
   unique: 238, success, outsize: 120
unique: 239, opcode: GETATTR (3), nodeid: 1, insize: 56, pid: 2917
getattr 0000000000000001 0
getdir 0000000000000001
   getattr -> 1380525406 1380525406 1380525406
   unique: 239, success, outsize: 120
unique: 240, opcode: GETATTR (3), nodeid: 1, insize: 56, pid: 2918
getattr 0000000000000001 0
getdir 0000000000000001
   getattr -> 1380525406 1380525406 1380525406
   unique: 240, success, outsize: 120
unique: 241, opcode: GETATTR (3), nodeid: 1, insize: 56, pid: 2917
getattr 0000000000000001 0
getdir 0000000000000001
   getattr -> 1380525406 1380525406 1380525406
   unique: 241, success, outsize: 120
unique: 242, opcode: GETATTR (3), nodeid: 1, insize: 56, pid: 2918
getattr 0000000000000001 0
getdir 0000000000000001
   getattr -> 1380525406 1380525406 1380525406
   unique: 242, success, outsize: 120
unique: 243, opcode: GETATTR (3), nodeid: 1, insize: 56, pid: 2917
getattr 0000000000000001 0
getdir 0000000000000001
   getattr -> 1380525406 1380525406 1380525406
   unique: 243, success, outsize: 120
unique: 244, opcode: GETATTR (3), nodeid: 1, insize: 56, pid: 2918
getattr 0000000000000001 0
getdir 0000000000000001
   getattr -> 1380525406 1380525406 1380525406
   unique: 244, success, outsize: 120
unique: 245, opcode: GETATTR (3), nodeid: 1, insize: 56, pid: 2917
getattr 0000000000000001 0
getdir 0000000000000001
   getattr -> 1380525406 1380525406 1380525406
   unique: 245, success, outsize: 120
unique: 246, opcode: GETATTR (3), nodeid: 1, insize: 56, pid: 2918
getattr 0000000000000001 0
getdir 0000000000000001
   getattr -> 1380525406 1380525406 1380525406
   unique: 246, success, outsize: 120
unique: 247, opcode: GETATTR (3), nodeid: 1, insize: 56, pid: 2917
getattr 0000000000000001 0
getdir 0000000000000001
   getattr -> 1380525406 1380525406 1380525406
   unique: 247, success, outsize: 120
unique: 248, opcode: GETATTR (3), nodeid: 1, insize: 56, pid: 2918
getattr 0000000000000001 0
getdir 0000000000000001
   getattr -> 1380525406 1380525406 1380525406
   unique: 248, success, outsize: 120
unique: 249, opcode: GETATTR (3), nodeid: 1, insize: 56, pid: 2917
getattr 0000000000000001 0
getdir 0000000000000001
   getattr -> 1380525406 1380525406 1380525406
   unique: 249, success, outsize: 120
unique: 250, opcode: GETATTR (3), nodeid: 1, insize: 56, pid: 2918
getattr 0000000000000001 0
getdir 0000000000000001
   getattr -> 1380525406 1380525406 1380525406
   unique: 250, success, outsize: 120
unique: 251, opcode: GETATTR (3), nodeid: 1, insize: 56, pid: 2917
getattr 0000000000000001 0
getdir 0000000000000001
   getattr -> 1380525406 1380525406 1380525406
   unique: 251, success, outsize: 120
unique: 252, opcode: GETATTR (3), nodeid: 1, insize: 56, pid: 2918
getattr 0000000000000001 0
getdir 0000000000000001
   getattr -> 1380525406 1380525406 1380525406
   unique: 252, success, outsize: 120
unique: 253, opcode: GETATTR (3), nodeid: 1, insize: 56, pid: 2917
getattr 0000000000000001 0
getdir 0000000000000001
   getattr -> 1380525406 1380525406 1380525406
   unique: 253, success, outsize: 120
unique: 254, opcode: GETATTR (3), nodeid: 1, insize: 56, pid: 2918
getattr 0000000000000001 0
getdir 0000000000000001
   getattr -> 1380525406 1380525406 1380525406
   unique: 254, success, outsize: 120
unique: 255, opcode: GETATTR (3), nodeid: 1, insize: 56, pid: 2917
getattr 0000000000000001 0
getdir 0000000000000001
   getattr -> 1380525406 1380525406 1380525406
   unique: 255, success, outsize: 120
unique: 256, opcode: GETATTR (3), nodeid: 1, insize: 56, pid: 2918
getattr 0000000000000001 0
getdir 0000000000000001
   getattr -> 1380525406 1380525406 1380525406
   unique: 256, success, outsize: 120
unique: 257, opcode: GETATTR (3), nodeid: 1, insize: 56, pid: 2917
getattr 0000000000000001 0
getdir 0000000000000001
   getattr -> 1380525406 1380525406 1380525406
   unique: 257, success, outsize: 120
unique: 258, opcode: GETATTR (3), nodeid: 1, insize: 56, pid: 2918
getattr 0000000000000001 0
getdir 0000000000000001
   getattr -> 1380525406 1380525406 1380525406
   unique: 258, success, outsize: 120
unique: 259, opcode: GETATTR (3), nodeid: 1, insize: 56, pid: 2917
getattr 0000000000000001 0
getdir 0000000000000001
   getattr -> 1380525406 1380525406 1380525406
   unique: 259, success, outsize: 120
unique: 260, opcode: GETATTR (3), nodeid: 1, insize: 56, pid: 2918
getattr 0000000000000001 0
getdir 0000000000000001
   getattr -> 1380525406 1380525406 1380525406
   unique: 260, success, outsize: 120
unique: 261, opcode: GETATTR (3), nodeid: 1, insize: 56, pid: 2917
getattr 0000000000000001 0
getdir 0000000000000001
   getattr -> 1380525406 1380525406 1380525406
   unique: 261, success, outsize: 120
unique: 262, opcode: GETATTR (3), nodeid: 1, insize: 56, pid: 2918
getattr 0000000000000001 0
getdir 0000000000000001
   getattr -> 1380525406 1380525406 1380525406
   unique: 262, success, outsize: 120
unique: 263, opcode: GETATTR (3), nodeid: 1, insize: 56, pid: 2917
getattr 0000000000000001 0
getdir 0000000000000001
   getattr -> 1380525406 1380525406 1380525406
   unique: 263, success, outsize: 120
unique: 264, opcode: GETATTR (3), nodeid: 1, insize: 56, pid: 2918
getattr 0000000000000001 0
getdir 0000000000000001
   getattr -> 1380525406 1380525406 1380525406
   unique: 264, success, outsize: 120
unique: 265, opcode: GETATTR (3), nodeid: 1, insize: 56, pid: 2917
getattr 0000000000000001 0
getdir 0000000000000001
   getattr -> 1380525406 1380525406 1380525406
   unique: 265, success, outsize: 120
unique: 266, opcode: GETATTR (3), nodeid: 1, insize: 56, pid: 2918
getattr 0000000000000001 0
getdir 0000000000000001
   getattr -> 1380525406 1380525406 1380525406
   unique: 266, success, outsize: 120
unique: 267, opcode: GETATTR (3), nodeid: 1, insize: 56, pid: 2917
getattr 0000000000000001 0
getdir 0000000000000001
   getattr -> 1380525406 1380525406 1380525406
   unique: 267, success, outsize: 120
unique: 268, opcode: GETATTR (3), nodeid: 1, insize: 56, pid: 2918
getattr 0000000000000001 0
getdir 0000000000000001
   getattr -> 1380525406 1380525406 1380525406
   unique: 268, success, outsize: 120
unique: 269, opcode: GETATTR (3), nodeid: 1, insize: 56, pid: 2917
getattr 0000000000000001 0
getdir 0000000000000001
   getattr -> 1380525406 1380525406 1380525406
   unique: 269, success, outsize: 120
unique: 270, opcode: GETATTR (3), nodeid: 1, insize: 56, pid: 2918
getattr 0000000000000001 0
getdir 0000000000000001
   getattr -> 1380525406 1380525406 1380525406
   unique: 270, success, outsize: 120
unique: 271, opcode: GETATTR (3), nodeid: 1, insize: 56, pid: 2917
getattr 0000000000000001 0
getdir 0000000000000001
   getattr -> 1380525406 1380525406 1380525406
   unique: 271, success, outsize: 120
unique: 272, opcode: GETATTR (3), nodeid: 1, insize: 56, pid: 2918
getattr 0000000000000001 0
getdir 0000000000000001
   getattr -> 1380525406 1380525406 1380525406
   unique: 272, success, outsize: 120
unique: 273, opcode: GETATTR (3), nodeid: 1, insize: 56, pid: 2917
getattr 0000000000000001 0
getdir 0000000000000001
   getattr -> 1380525406 1380525406 1380525406
   unique: 273, success, outsize: 120
unique: 274, opcode: GETATTR (3), nodeid: 1, insize: 56, pid: 2918
getattr 0000000000000001 0
getdir 0000000000000001
   getattr -> 1380525406 1380525406 1380525406
   unique: 274, success, outsize: 120
unique: 275, opcode: GETATTR (3), nodeid: 1, insize: 56, pid: 2917
getattr 0000000000000001 0
getdir 0000000000000001
   getattr -> 1380525406 1380525406 1380525406
   unique: 275, success, outsize: 120
unique: 276, opcode: GETATTR (3), nodeid: 1, insize: 56, pid: 2918
getattr 0000000000000001 0
getdir 0000000000000001
   getattr -> 1380525406 1380525406 1380525406
   unique: 276, success, outsize: 120
unique: 277, opcode: GETATTR (3), nodeid: 1, insize: 56, pid: 2917
getattr 0000000000000001 0
getdir 0000000000000001
   getattr -> 1380525406 1380525406 1380525406
   unique: 277, success, outsize: 120
unique: 278, opcode: GETATTR (3), nodeid: 1, insize: 56, pid: 2918
getattr 0000000000000001 0
getdir 0000000000000001
   getattr -> 1380525406 1380525406 1380525406
   unique: 278, success, outsize: 120
unique: 279, opcode: GETATTR (3), nodeid: 1, insize: 56, pid: 2917
getattr 0000000000000001 0
getdir 0000000000000001
   getattr -> 1380525406 1380525406 1380525406
   unique: 279, success, outsize: 120
unique: 280, opcode: GETATTR (3), nodeid: 1, insize: 56, pid: 2918
getattr 0000000000000001 0
getdir 0000000000000001
   getattr -> 1380525406 1380525406 1380525406
   unique: 280, success, outsize: 120
unique: 281, opcode: GETATTR (3), nodeid: 1, insize: 56, pid: 2917
getattr 0000000000000001 0
getdir 0000000000000001
   getattr -> 1380525406 1380525406 1380525406
   unique: 281, success, outsize: 120
unique: 282, opcode: GETATTR (3), nodeid: 1, insize: 56, pid: 2918
getattr 0000000000000001 0
getdir 0000000000000001
   getattr -> 1380525406 1380525406 1380525406
   unique: 282, success, outsize: 120
unique: 283, opcode: GETATTR (3), nodeid: 1, insize: 56, pid: 2917
getattr 0000000000000001 0
getdir 0000000000000001
   getattr -> 1380525406 1380525406 1380525406
   unique: 283, success, outsize: 120
unique: 284, opcode: GETATTR (3), nodeid: 1, insize: 56, pid: 2918
getattr 0000000000000001 0
getdir 0000000000000001
   getattr -> 1380525406 1380525406 1380525406
   unique: 284, success, outsize: 120
unique: 285, opcode: GETATTR (3), nodeid: 1, insize: 56, pid: 2917
getattr 0000000000000001 0
getdir 0000000000000001
   getattr -> 1380525406 1380525406 1380525406
   unique: 285, success, outsize: 120
unique: 286, opcode: GETATTR (3), nodeid: 1, insize: 56, pid: 2918
getattr 0000000000000001 0
getdir 0000000000000001
   getattr -> 1380525406 1380525406 1380525406
   unique: 286, success, outsize: 120
unique: 287, opcode: GETATTR (3), nodeid: 1, insize: 56, pid: 2917
getattr 0000000000000001 0
getdir 0000000000000001
   getattr -> 1380525406 1380525406 1380525406
   unique: 287, success, outsize: 120
unique: 288, opcode: GETATTR (3), nodeid: 1, insize: 56, pid: 2918
getattr 0000000000000001 0
getdir 0000000000000001
   getattr -> 1380525406 1380525406 1380525406
   unique: 288, success, outsize: 120
unique: 289, opcode: GETATTR (3), nodeid: 1, insize: 56, pid: 2917
getattr 0000000000000001 0
getdir 0000000000000001
   getattr -> 1380525406 1380525406 1380525406
   unique: 289, success, outsize: 120
unique: 290, opcode: GETATTR (3), nodeid: 1, insize: 56, pid: 2918
getattr 0000000000000001 0
getdir 0000000000000001
   getattr -> 1380525406 1380525406 1380525406
   unique: 290, success, outsize: 120
unique: 291, opcode: GETATTR (3), nodeid: 1, insize: 56, pid: 2917
getattr 0000000000000001 0
getdir 0000000000000001
   getattr -> 1380525406 1380525406 1380525406
   unique: 291, success, outsize: 120
unique: 292, opcode: GETATTR (3), nodeid: 1, insize: 56, pid: 2918
getattr 0000000000000001 0
getdir 0000000000000001
   getattr -> 1380525406 1380525406 1380525406
   unique: 292, success, outsize: 120
unique: 293, opcode: GETATTR (3), nodeid: 1, insize: 56, pid: 2917
getattr 0000000000000001 0
getdir 0000000000000001
   getattr -> 1380525406 1380525406 1380525406
   unique: 293, success, outsize: 120
unique: 294, opcode: GETATTR (3), nodeid: 1, insize: 56, pid: 2918
getattr 0000000000000001 0
getdir 0000000000000001
   getattr -> 1380525406 1380525406 1380525406
   unique: 294, success, outsize: 120
unique: 295, opcode: GETATTR (3), nodeid: 1, insize: 56, pid: 2917
getattr 0000000000000001 0
getdir 0000000000000001
   getattr -> 1380525406 1380525406 1380525406
   unique: 295, success, outsize: 120
unique: 296, opcode: GETATTR (3), nodeid: 1, insize: 56, pid: 2918
getattr 0000000000000001 0
getdir 0000000000000001
   getattr -> 1380525406 1380525406 1380525406
   unique: 296, success, outsize: 120
unique: 297, opcode: GETATTR (3), nodeid: 1, insize: 56, pid: 2917
getattr 0000000000000001 0
getdir 0000000000000001
   getattr -> 1380525406 1380525406 1380525406
   unique: 297, success, outsize: 120
unique: 298, opcode: GETATTR (3), nodeid: 1, insize: 56, pid: 2918
getattr 0000000000000001 0
getdir 0000000000000001
   getattr -> 1380525406 1380525406 1380525406
   unique: 298, success, outsize: 120
unique: 299, opcode: GETATTR (3), nodeid: 1, insize: 56, pid: 2917
getattr 0000000000000001 0
getdir 0000000000000001
   getattr -> 1380525406 1380525406 1380525406
   unique: 299, success, outsize: 120
unique: 300, opcode: GETATTR (3), nodeid: 1, insize: 56, pid: 2918
getattr 0000000000000001 0
getdir 0000000000000001
   getattr -> 1380525406 1380525406 1380525406
   unique: 300, success, outsize: 120
unique: 301, opcode: GETATTR (3), nodeid: 1, insize: 56, pid: 2917
getattr 0000000000000001 0
getdir 0000000000000001
   getattr -> 1380525406 1380525406 1380525406
   unique: 301, success, outsize: 120
unique: 302, opcode: GETATTR (3), nodeid: 1, insize: 56, pid: 2918
getattr 0000000000000001 0
getdir 0000000000000001
   getattr -> 1380525406 1380525406 1380525406
   unique: 302, success, outsize: 120
unique: 303, opcode: GETATTR (3), nodeid: 1, insize: 56, pid: 2917
getattr 0000000000000001 0
getdir 0000000000000001
   getattr -> 1380525406 1380525406 1380525406
   unique: 303, success, outsize: 120
unique: 304, opcode: GETATTR (3), nodeid: 1, insize: 56, pid: 2918
getattr 0000000000000001 0
getdir 0000000000000001
   getattr -> 1380525406 1380525406 1380525406
   unique: 304, success, outsize: 120
unique: 305, opcode: GETATTR (3), nodeid: 1, insize: 56, pid: 2917
getattr 0000000000000001 0
getdir 0000000000000001
   getattr -> 1380525406 1380525406 1380525406
   unique: 305, success, outsize: 120
unique: 306, opcode: GETATTR (3), nodeid: 1, insize: 56, pid: 2918
getattr 0000000000000001 0
getdir 0000000000000001
   getattr -> 1380525406 1380525406 1380525406
   unique: 306, success, outsize: 120
unique: 307, opcode: GETATTR (3), nodeid: 1, insize: 56, pid: 2917
getattr 0000000000000001 0
getdir 0000000000000001
   getattr -> 1380525406 1380525406 1380525406
   unique: 307, success, outsize: 120
unique: 308, opcode: GETATTR (3), nodeid: 1, insize: 56, pid: 2918
getattr 0000000000000001 0
getdir 0000000000000001
   getattr -> 1380525406 1380525406 1380525406
   unique: 308, success, outsize: 120
unique: 309, opcode: GETATTR (3), nodeid: 1, insize: 56, pid: 2917
getattr 0000000000000001 0
getdir 0000000000000001
   getattr -> 1380525406 1380525406 1380525406
   unique: 309, success, outsize: 120
unique: 310, opcode: GETATTR (3), nodeid: 1, insize: 56, pid: 2918
getattr 0000000000000001 0
getdir 0000000000000001
   getattr -> 1380525406 1380525406 1380525406
   unique: 310, success, outsize: 120
unique: 311, opcode: GETATTR (3), nodeid: 1, insize: 56, pid: 2917
getattr 0000000000000001 0
getdir 0000000000000001
   getattr -> 1380525406 1380525406 1380525406
   unique: 311, success, outsize: 120
unique: 312, opcode: GETATTR (3), nodeid: 1, insize: 56, pid: 2918
getattr 0000000000000001 0
getdir 0000000000000001
   getattr -> 1380525406 1380525406 1380525406
   unique: 312, success, outsize: 120
unique: 313, opcode: GETATTR (3), nodeid: 1, insize: 56, pid: 2917
getattr 0000000000000001 0
getdir 0000000000000001
   getattr -> 1380525406 1380525406 1380525406
   unique: 313, success, outsize: 120
unique: 314, opcode: GETATTR (3), nodeid: 1, insize: 56, pid: 2918
getattr 0000000000000001 0
getdir 0000000000000001
   getattr -> 1380525406 1380525406 1380525406
   unique: 314, success, outsize: 120
unique: 315, opcode: GETATTR (3), nodeid: 1, insize: 56, pid: 2917
getattr 0000000000000001 0
getdir 0000000000000001
   getattr -> 1380525406 1380525406 1380525406
   unique: 315, success, outsize: 120
unique: 316, opcode: GETATTR (3), nodeid: 1, insize: 56, pid: 2918
getattr 0000000000000001 0
getdir 0000000000000001
   getattr -> 1380525406 1380525406 1380525406
   unique: 316, success, outsize: 120
unique: 317, opcode: GETATTR (3), nodeid: 1, insize: 56, pid: 2917
getattr 0000000000000001 0
getdir 0000000000000001
   getattr -> 1380525406 1380525406 1380525406
   unique: 317, success, outsize: 120
unique: 318, opcode: GETATTR (3), nodeid: 1, insize: 56, pid: 2918
getattr 0000000000000001 0
getdir 0000000000000001
   getattr -> 1380525406 1380525406 1380525406
   unique: 318, success, outsize: 120
unique: 319, opcode: GETATTR (3), nodeid: 1, insize: 56, pid: 2917
getattr 0000000000000001 0
getdir 0000000000000001
   getattr -> 1380525406 1380525406 1380525406
   unique: 319, success, outsize: 120
unique: 320, opcode: LOOKUP (1), nodeid: 1, insize: 93, pid: 6573
   unique: 320, error: -2 (No such file or directory), outsize: 16
unique: 321, opcode: CREATE (35), nodeid: 1, insize: 109, pid: 6573
   unique: 321, error: -2 (No such file or directory), outsize: 16
unique: 322, opcode: GETATTR (3), nodeid: 1, insize: 56, pid: 2918
getattr 0000000000000001 0
getdir 0000000000000001
   getattr -> 1380525406 1380525406 1380525406
   unique: 322, success, outsize: 120
unique: 323, opcode: GETATTR (3), nodeid: 1, insize: 56, pid: 2917
getattr 0000000000000001 0
getdir 0000000000000001
   getattr -> 1380525406 1380525406 1380525406
   unique: 323, success, outsize: 120
unique: 324, opcode: GETATTR (3), nodeid: 1, insize: 56, pid: 2918
getattr 0000000000000001 0
getdir 0000000000000001
   getattr -> 1380525406 1380525406 1380525406
   unique: 324, success, outsize: 120
unique: 325, opcode: GETATTR (3), nodeid: 1, insize: 56, pid: 2917
getattr 0000000000000001 0
getdir 0000000000000001
   getattr -> 1380525406 1380525406 1380525406
   unique: 325, success, outsize: 120
unique: 326, opcode: GETATTR (3), nodeid: 1, insize: 56, pid: 2918
getattr 0000000000000001 0
getdir 0000000000000001
   getattr -> 1380525406 1380525406 1380525406
   unique: 326, success, outsize: 120
unique: 327, opcode: GETATTR (3), nodeid: 1, insize: 56, pid: 2917
getattr 0000000000000001 0
getdir 0000000000000001
   getattr -> 1380525406 1380525406 1380525406
   unique: 327, success, outsize: 120
unique: 328, opcode: GETATTR (3), nodeid: 1, insize: 56, pid: 2918
getattr 0000000000000001 0
getdir 0000000000000001
   getattr -> 1380525406 1380525406 1380525406
   unique: 328, success, outsize: 120
unique: 329, opcode: GETATTR (3), nodeid: 1, insize: 56, pid: 2917
getattr 0000000000000001 0
getdir 0000000000000001
   getattr -> 1380525406 1380525406 1380525406
   unique: 329, success, outsize: 120
unique: 330, opcode: GETATTR (3), nodeid: 1, insize: 56, pid: 2918
getattr 0000000000000001 0
getdir 0000000000000001
   getattr -> 1380525406 1380525406 1380525406
   unique: 330, success, outsize: 120
unique: 331, opcode: GETATTR (3), nodeid: 1, insize: 56, pid: 2917
getattr 0000000000000001 0
getdir 0000000000000001
   getattr -> 1380525406 1380525406 1380525406
   unique: 331, success, outsize: 120
unique: 332, opcode: GETATTR (3), nodeid: 1, insize: 56, pid: 2918
getattr 0000000000000001 0
getdir 0000000000000001
   getattr -> 1380525406 1380525406 1380525406
   unique: 332, success, outsize: 120
unique: 333, opcode: GETATTR (3), nodeid: 1, insize: 56, pid: 2917
getattr 0000000000000001 0
getdir 0000000000000001
   getattr -> 1380525406 1380525406 1380525406
   unique: 333, success, outsize: 120
unique: 334, opcode: GETATTR (3), nodeid: 1, insize: 56, pid: 2918
getattr 0000000000000001 0
getdir 0000000000000001
   getattr -> 1380525406 1380525406 1380525406
   unique: 334, success, outsize: 120
unique: 335, opcode: GETATTR (3), nodeid: 1, insize: 56, pid: 2917
getattr 0000000000000001 0
getdir 0000000000000001
   getattr -> 1380525406 1380525406 1380525406
   unique: 335, success, outsize: 120
unique: 336, opcode: GETATTR (3), nodeid: 1, insize: 56, pid: 2918
getattr 0000000000000001 0
getdir 0000000000000001
   getattr -> 1380525406 1380525406 1380525406
   unique: 336, success, outsize: 120
unique: 337, opcode: GETATTR (3), nodeid: 1, insize: 56, pid: 2917
getattr 0000000000000001 0
getdir 0000000000000001
   getattr -> 1380525406 1380525406 1380525406
   unique: 337, success, outsize: 120
unique: 338, opcode: GETATTR (3), nodeid: 1, insize: 56, pid: 2918
getattr 0000000000000001 0
getdir 0000000000000001
   getattr -> 1380525406 1380525406 1380525406
   unique: 338, success, outsize: 120
unique: 339, opcode: GETATTR (3), nodeid: 1, insize: 56, pid: 2917
getattr 0000000000000001 0
getdir 0000000000000001
   getattr -> 1380525406 1380525406 1380525406
   unique: 339, success, outsize: 120
unique: 340, opcode: GETATTR (3), nodeid: 1, insize: 56, pid: 2918
getattr 0000000000000001 0
getdir 0000000000000001
   getattr -> 1380525406 1380525406 1380525406
   unique: 340, success, outsize: 120
unique: 341, opcode: GETATTR (3), nodeid: 1, insize: 56, pid: 2917
getattr 0000000000000001 0
getdir 0000000000000001
   getattr -> 1380525406 1380525406 1380525406
   unique: 341, success, outsize: 120
unique: 342, opcode: GETATTR (3), nodeid: 1, insize: 56, pid: 2918
getattr 0000000000000001 0
getdir 0000000000000001
   getattr -> 1380525406 1380525406 1380525406
   unique: 342, success, outsize: 120
unique: 343, opcode: GETATTR (3), nodeid: 1, insize: 56, pid: 2917
getattr 0000000000000001 0
getdir 0000000000000001
   getattr -> 1380525406 1380525406 1380525406
   unique: 343, success, outsize: 120
unique: 344, opcode: GETATTR (3), nodeid: 1, insize: 56, pid: 2918
getattr 0000000000000001 0
getdir 0000000000000001
   getattr -> 1380525406 1380525406 1380525406
   unique: 344, success, outsize: 120
unique: 345, opcode: GETATTR (3), nodeid: 1, insize: 56, pid: 2917
getattr 0000000000000001 0
getdir 0000000000000001
   getattr -> 1380525406 1380525406 1380525406
   unique: 345, success, outsize: 120
unique: 346, opcode: GETATTR (3), nodeid: 1, insize: 56, pid: 2918
getattr 0000000000000001 0
getdir 0000000000000001
   getattr -> 1380525406 1380525406 1380525406
   unique: 346, success, outsize: 120
unique: 347, opcode: GETATTR (3), nodeid: 1, insize: 56, pid: 2917
getattr 0000000000000001 0
getdir 0000000000000001
   getattr -> 1380525406 1380525406 1380525406
   unique: 347, success, outsize: 120
unique: 348, opcode: GETATTR (3), nodeid: 1, insize: 56, pid: 2918
getattr 0000000000000001 0
getdir 0000000000000001
   getattr -> 1380525406 1380525406 1380525406
   unique: 348, success, outsize: 120
unique: 349, opcode: GETATTR (3), nodeid: 1, insize: 56, pid: 2917
getattr 0000000000000001 0
getdir 0000000000000001
   getattr -> 1380525406 1380525406 1380525406
   unique: 349, success, outsize: 120
unique: 350, opcode: GETATTR (3), nodeid: 1, insize: 56, pid: 2918
getattr 0000000000000001 0
getdir 0000000000000001
   getattr -> 1380525406 1380525406 1380525406
   unique: 350, success, outsize: 120
unique: 351, opcode: GETATTR (3), nodeid: 1, insize: 56, pid: 2917
getattr 0000000000000001 0
getdir 0000000000000001
   getattr -> 1380525406 1380525406 1380525406
   unique: 351, success, outsize: 120
unique: 352, opcode: GETATTR (3), nodeid: 1, insize: 56, pid: 2918
getattr 0000000000000001 0
getdir 0000000000000001
   getattr -> 1380525406 1380525406 1380525406
   unique: 352, success, outsize: 120
unique: 353, opcode: GETATTR (3), nodeid: 1, insize: 56, pid: 2917
getattr 0000000000000001 0
getdir 0000000000000001
   getattr -> 1380525406 1380525406 1380525406
   unique: 353, success, outsize: 120
unique: 354, opcode: GETATTR (3), nodeid: 1, insize: 56, pid: 2918
getattr 0000000000000001 0
getdir 0000000000000001
   getattr -> 1380525406 1380525406 1380525406
   unique: 354, success, outsize: 120
unique: 355, opcode: GETATTR (3), nodeid: 1, insize: 56, pid: 2917
getattr 0000000000000001 0
getdir 0000000000000001
   getattr -> 1380525406 1380525406 1380525406
   unique: 355, success, outsize: 120
unique: 356, opcode: GETATTR (3), nodeid: 1, insize: 56, pid: 2918
getattr 0000000000000001 0
getdir 0000000000000001
   getattr -> 1380525406 1380525406 1380525406
   unique: 356, success, outsize: 120
unique: 357, opcode: GETATTR (3), nodeid: 1, insize: 56, pid: 2917
getattr 0000000000000001 0
getdir 0000000000000001
   getattr -> 1380525406 1380525406 1380525406
   unique: 357, success, outsize: 120
unique: 358, opcode: GETATTR (3), nodeid: 1, insize: 56, pid: 2918
getattr 0000000000000001 0
getdir 0000000000000001
   getattr -> 1380525406 1380525406 1380525406
   unique: 358, success, outsize: 120
unique: 359, opcode: GETATTR (3), nodeid: 1, insize: 56, pid: 2917
getattr 0000000000000001 0
getdir 0000000000000001
   getattr -> 1380525406 1380525406 1380525406
   unique: 359, success, outsize: 120
unique: 360, opcode: GETATTR (3), nodeid: 1, insize: 56, pid: 2918
getattr 0000000000000001 0
getdir 0000000000000001
   getattr -> 1380525406 1380525406 1380525406
   unique: 360, success, outsize: 120
unique: 361, opcode: GETATTR (3), nodeid: 1, insize: 56, pid: 2917
getattr 0000000000000001 0
getdir 0000000000000001
   getattr -> 1380525406 1380525406 1380525406
   unique: 361, success, outsize: 120
unique: 362, opcode: GETATTR (3), nodeid: 1, insize: 56, pid: 2918
getattr 0000000000000001 0
getdir 0000000000000001
   getattr -> 1380525406 1380525406 1380525406
   unique: 362, success, outsize: 120
unique: 363, opcode: GETATTR (3), nodeid: 1, insize: 56, pid: 2917
getattr 0000000000000001 0
getdir 0000000000000001
   getattr -> 1380525406 1380525406 1380525406
   unique: 363, success, outsize: 120
unique: 364, opcode: GETATTR (3), nodeid: 1, insize: 56, pid: 2918
getattr 0000000000000001 0
getdir 0000000000000001
   getattr -> 1380525406 1380525406 1380525406
   unique: 364, success, outsize: 120
unique: 365, opcode: GETATTR (3), nodeid: 1, insize: 56, pid: 2917
getattr 0000000000000001 0
getdir 0000000000000001
   getattr -> 1380525406 1380525406 1380525406
   unique: 365, success, outsize: 120
unique: 366, opcode: GETATTR (3), nodeid: 1, insize: 56, pid: 2918
getattr 0000000000000001 0
getdir 0000000000000001
   getattr -> 1380525406 1380525406 1380525406
   unique: 366, success, outsize: 120
unique: 367, opcode: GETATTR (3), nodeid: 1, insize: 56, pid: 2917
getattr 0000000000000001 0
getdir 0000000000000001
   getattr -> 1380525406 1380525406 1380525406
   unique: 367, success, outsize: 120
unique: 368, opcode: GETATTR (3), nodeid: 1, insize: 56, pid: 2918
getattr 0000000000000001 0
getdir 0000000000000001
   getattr -> 1380525406 1380525406 1380525406
   unique: 368, success, outsize: 120
unique: 369, opcode: GETATTR (3), nodeid: 1, insize: 56, pid: 2917
getattr 0000000000000001 0
getdir 0000000000000001
   getattr -> 1380525406 1380525406 1380525406
   unique: 369, success, outsize: 120
unique: 370, opcode: GETATTR (3), nodeid: 1, insize: 56, pid: 2918
getattr 0000000000000001 0
getdir 0000000000000001
   getattr -> 1380525406 1380525406 1380525406
   unique: 370, success, outsize: 120
unique: 371, opcode: GETATTR (3), nodeid: 1, insize: 56, pid: 2917
getattr 0000000000000001 0
getdir 0000000000000001
   getattr -> 1380525406 1380525406 1380525406
   unique: 371, success, outsize: 120
unique: 372, opcode: GETATTR (3), nodeid: 1, insize: 56, pid: 2918
getattr 0000000000000001 0
getdir 0000000000000001
   getattr -> 1380525406 1380525406 1380525406
   unique: 372, success, outsize: 120
unique: 373, opcode: GETATTR (3), nodeid: 1, insize: 56, pid: 2917
getattr 0000000000000001 0
getdir 0000000000000001
   getattr -> 1380525406 1380525406 1380525406
   unique: 373, success, outsize: 120
unique: 374, opcode: GETATTR (3), nodeid: 1, insize: 56, pid: 2918
getattr 0000000000000001 0
getdir 0000000000000001
   getattr -> 1380525406 1380525406 1380525406
   unique: 374, success, outsize: 120
unique: 375, opcode: GETATTR (3), nodeid: 1, insize: 56, pid: 2917
getattr 0000000000000001 0
getdir 0000000000000001
   getattr -> 1380525406 1380525406 1380525406
   unique: 375, success, outsize: 120
unique: 376, opcode: GETATTR (3), nodeid: 1, insize: 56, pid: 2918
getattr 0000000000000001 0
getdir 0000000000000001
   getattr -> 1380525406 1380525406 1380525406
   unique: 376, success, outsize: 120
unique: 377, opcode: GETATTR (3), nodeid: 1, insize: 56, pid: 2917
getattr 0000000000000001 0
getdir 0000000000000001
   getattr -> 1380525406 1380525406 1380525406
   unique: 377, success, outsize: 120
unique: 378, opcode: GETATTR (3), nodeid: 1, insize: 56, pid: 2918
getattr 0000000000000001 0
getdir 0000000000000001
   getattr -> 1380525406 1380525406 1380525406
   unique: 378, success, outsize: 120
unique: 379, opcode: GETATTR (3), nodeid: 1, insize: 56, pid: 2917
getattr 0000000000000001 0
getdir 0000000000000001
   getattr -> 1380525406 1380525406 1380525406
   unique: 379, success, outsize: 120
unique: 380, opcode: GETATTR (3), nodeid: 1, insize: 56, pid: 2918
getattr 0000000000000001 0
getdir 0000000000000001
   getattr -> 1380525406 1380525406 1380525406
   unique: 380, success, outsize: 120
unique: 381, opcode: GETATTR (3), nodeid: 1, insize: 56, pid: 2917
getattr 0000000000000001 0
getdir 0000000000000001
   getattr -> 1380525406 1380525406 1380525406
   unique: 381, success, outsize: 120
unique: 382, opcode: GETATTR (3), nodeid: 1, insize: 56, pid: 2918
getattr 0000000000000001 0
getdir 0000000000000001
   getattr -> 1380525406 1380525406 1380525406
   unique: 382, success, outsize: 120
unique: 383, opcode: GETATTR (3), nodeid: 1, insize: 56, pid: 2917
getattr 0000000000000001 0
getdir 0000000000000001
   getattr -> 1380525406 1380525406 1380525406
   unique: 383, success, outsize: 120
unique: 384, opcode: GETATTR (3), nodeid: 1, insize: 56, pid: 2918
getattr 0000000000000001 0
getdir 0000000000000001
   getattr -> 1380525406 1380525406 1380525406
   unique: 384, success, outsize: 120
unique: 385, opcode: GETATTR (3), nodeid: 1, insize: 56, pid: 2917
getattr 0000000000000001 0
getdir 0000000000000001
   getattr -> 1380525406 1380525406 1380525406
   unique: 385, success, outsize: 120
unique: 386, opcode: GETATTR (3), nodeid: 1, insize: 56, pid: 2918
getattr 0000000000000001 0
getdir 0000000000000001
   getattr -> 1380525406 1380525406 1380525406
   unique: 386, success, outsize: 120
unique: 387, opcode: GETATTR (3), nodeid: 1, insize: 56, pid: 2917
getattr 0000000000000001 0
getdir 0000000000000001
   getattr -> 1380525406 1380525406 1380525406
   unique: 387, success, outsize: 120
unique: 388, opcode: GETATTR (3), nodeid: 1, insize: 56, pid: 2918
getattr 0000000000000001 0
getdir 0000000000000001
   getattr -> 1380525406 1380525406 1380525406
   unique: 388, success, outsize: 120
unique: 389, opcode: GETATTR (3), nodeid: 1, insize: 56, pid: 2917
getattr 0000000000000001 0
getdir 0000000000000001
   getattr -> 1380525406 1380525406 1380525406
   unique: 389, success, outsize: 120
unique: 390, opcode: GETATTR (3), nodeid: 1, insize: 56, pid: 2918
getattr 0000000000000001 0
getdir 0000000000000001
   getattr -> 1380525406 1380525406 1380525406
   unique: 390, success, outsize: 120
unique: 391, opcode: GETATTR (3), nodeid: 1, insize: 56, pid: 2917
getattr 0000000000000001 0
getdir 0000000000000001
   getattr -> 1380525406 1380525406 1380525406
   unique: 391, success, outsize: 120
unique: 392, opcode: GETATTR (3), nodeid: 1, insize: 56, pid: 2918
getattr 0000000000000001 0
getdir 0000000000000001
   getattr -> 1380525406 1380525406 1380525406
   unique: 392, success, outsize: 120
unique: 393, opcode: GETATTR (3), nodeid: 1, insize: 56, pid: 2917
getattr 0000000000000001 0
getdir 0000000000000001
   getattr -> 1380525406 1380525406 1380525406
   unique: 393, success, outsize: 120
unique: 394, opcode: GETATTR (3), nodeid: 1, insize: 56, pid: 2918
getattr 0000000000000001 0
getdir 0000000000000001
   getattr -> 1380525406 1380525406 1380525406
   unique: 394, success, outsize: 120
unique: 395, opcode: GETATTR (3), nodeid: 1, insize: 56, pid: 2917
getattr 0000000000000001 0
getdir 0000000000000001
   getattr -> 1380525406 1380525406 1380525406
   unique: 395, success, outsize: 120
unique: 396, opcode: GETATTR (3), nodeid: 1, insize: 56, pid: 2918
getattr 0000000000000001 0
getdir 0000000000000001
   getattr -> 1380525406 1380525406 1380525406
   unique: 396, success, outsize: 120
unique: 397, opcode: GETATTR (3), nodeid: 1, insize: 56, pid: 2917
getattr 0000000000000001 0
getdir 0000000000000001
   getattr -> 1380525406 1380525406 1380525406
   unique: 397, success, outsize: 120
unique: 398, opcode: GETATTR (3), nodeid: 1, insize: 56, pid: 2918
getattr 0000000000000001 0
getdir 0000000000000001
   getattr -> 1380525406 1380525406 1380525406
   unique: 398, success, outsize: 120
unique: 399, opcode: GETATTR (3), nodeid: 1, insize: 56, pid: 2917
getattr 0000000000000001 0
getdir 0000000000000001
   getattr -> 1380525406 1380525406 1380525406
   unique: 399, success, outsize: 120
unique: 400, opcode: GETATTR (3), nodeid: 1, insize: 56, pid: 2918
getattr 0000000000000001 0
getdir 0000000000000001
   getattr -> 1380525406 1380525406 1380525406
   unique: 400, success, outsize: 120
unique: 401, opcode: GETATTR (3), nodeid: 1, insize: 56, pid: 2917
getattr 0000000000000001 0
getdir 0000000000000001
   getattr -> 1380525406 1380525406 1380525406
   unique: 401, success, outsize: 120
unique: 402, opcode: GETATTR (3), nodeid: 1, insize: 56, pid: 2918
getattr 0000000000000001 0
getdir 0000000000000001
   getattr -> 1380525406 1380525406 1380525406
   unique: 402, success, outsize: 120
unique: 403, opcode: GETATTR (3), nodeid: 1, insize: 56, pid: 2917
getattr 0000000000000001 0
getdir 0000000000000001
   getattr -> 1380525406 1380525406 1380525406
   unique: 403, success, outsize: 120
unique: 404, opcode: GETATTR (3), nodeid: 1, insize: 56, pid: 2918
getattr 0000000000000001 0
getdir 0000000000000001
   getattr -> 1380525406 1380525406 1380525406
   unique: 404, success, outsize: 120
unique: 405, opcode: GETATTR (3), nodeid: 1, insize: 56, pid: 2917
getattr 0000000000000001 0
getdir 0000000000000001
   getattr -> 1380525406 1380525406 1380525406
   unique: 405, success, outsize: 120
unique: 406, opcode: GETATTR (3), nodeid: 1, insize: 56, pid: 2918
getattr 0000000000000001 0
getdir 0000000000000001
   getattr -> 1380525406 1380525406 1380525406
   unique: 406, success, outsize: 120
unique: 407, opcode: GETATTR (3), nodeid: 1, insize: 56, pid: 2917
getattr 0000000000000001 0
getdir 0000000000000001
   getattr -> 1380525406 1380525406 1380525406
   unique: 407, success, outsize: 120
unique: 408, opcode: GETATTR (3), nodeid: 1, insize: 56, pid: 2918
getattr 0000000000000001 0
getdir 0000000000000001
   getattr -> 1380525406 1380525406 1380525406
   unique: 408, success, outsize: 120
unique: 409, opcode: GETATTR (3), nodeid: 1, insize: 56, pid: 2917
getattr 0000000000000001 0
getdir 0000000000000001
   getattr -> 1380525406 1380525406 1380525406
   unique: 409, success, outsize: 120
unique: 410, opcode: GETATTR (3), nodeid: 1, insize: 56, pid: 2918
getattr 0000000000000001 0
getdir 0000000000000001
   getattr -> 1380525406 1380525406 1380525406
   unique: 410, success, outsize: 120
unique: 411, opcode: GETATTR (3), nodeid: 1, insize: 56, pid: 2917
getattr 0000000000000001 0
getdir 0000000000000001
   getattr -> 1380525406 1380525406 1380525406
   unique: 411, success, outsize: 120
unique: 412, opcode: GETATTR (3), nodeid: 1, insize: 56, pid: 2918
getattr 0000000000000001 0
getdir 0000000000000001
   getattr -> 1380525406 1380525406 1380525406
   unique: 412, success, outsize: 120
unique: 413, opcode: GETATTR (3), nodeid: 1, insize: 56, pid: 2917
getattr 0000000000000001 0
getdir 0000000000000001
   getattr -> 1380525406 1380525406 1380525406
   unique: 413, success, outsize: 120
unique: 414, opcode: GETATTR (3), nodeid: 1, insize: 56, pid: 2918
getattr 0000000000000001 0
getdir 0000000000000001
   getattr -> 1380525406 1380525406 1380525406
   unique: 414, success, outsize: 120
unique: 415, opcode: GETATTR (3), nodeid: 1, insize: 56, pid: 2917
getattr 0000000000000001 0
getdir 0000000000000001
   getattr -> 1380525406 1380525406 1380525406
   unique: 415, success, outsize: 120
unique: 416, opcode: GETATTR (3), nodeid: 1, insize: 56, pid: 2918
getattr 0000000000000001 0
getdir 0000000000000001
   getattr -> 1380525406 1380525406 1380525406
   unique: 416, success, outsize: 120
unique: 417, opcode: GETATTR (3), nodeid: 1, insize: 56, pid: 2917
getattr 0000000000000001 0
getdir 0000000000000001
   getattr -> 1380525406 1380525406 1380525406
   unique: 417, success, outsize: 120
unique: 418, opcode: GETATTR (3), nodeid: 1, insize: 56, pid: 2918
getattr 0000000000000001 0
getdir 0000000000000001
   getattr -> 1380525406 1380525406 1380525406
   unique: 418, success, outsize: 120
unique: 419, opcode: GETATTR (3), nodeid: 1, insize: 56, pid: 2917
getattr 0000000000000001 0
getdir 0000000000000001
   getattr -> 1380525406 1380525406 1380525406
   unique: 419, success, outsize: 120
unique: 420, opcode: GETATTR (3), nodeid: 1, insize: 56, pid: 2918
getattr 0000000000000001 0
getdir 0000000000000001
   getattr -> 1380525406 1380525406 1380525406
   unique: 420, success, outsize: 120
unique: 421, opcode: GETATTR (3), nodeid: 1, insize: 56, pid: 2917
getattr 0000000000000001 0
getdir 0000000000000001
   getattr -> 1380525406 1380525406 1380525406
   unique: 421, success, outsize: 120
unique: 422, opcode: GETATTR (3), nodeid: 1, insize: 56, pid: 2918
getattr 0000000000000001 0
getdir 0000000000000001
   getattr -> 1380525406 1380525406 1380525406
   unique: 422, success, outsize: 120
unique: 423, opcode: GETATTR (3), nodeid: 1, insize: 56, pid: 2917
getattr 0000000000000001 0
getdir 0000000000000001
   getattr -> 1380525406 1380525406 1380525406
   unique: 423, success, outsize: 120
unique: 424, opcode: GETATTR (3), nodeid: 1, insize: 56, pid: 2918
getattr 0000000000000001 0
getdir 0000000000000001
   getattr -> 1380525406 1380525406 1380525406
   unique: 424, success, outsize: 120
unique: 425, opcode: GETATTR (3), nodeid: 1, insize: 56, pid: 2917
getattr 0000000000000001 0
getdir 0000000000000001
   getattr -> 1380525406 1380525406 1380525406
   unique: 425, success, outsize: 120
unique: 426, opcode: GETATTR (3), nodeid: 1, insize: 56, pid: 2918
getattr 0000000000000001 0
getdir 0000000000000001
   getattr -> 1380525406 1380525406 1380525406
   unique: 426, success, outsize: 120
unique: 427, opcode: GETATTR (3), nodeid: 1, insize: 56, pid: 2917
getattr 0000000000000001 0
getdir 0000000000000001
   getattr -> 1380525406 1380525406 1380525406
   unique: 427, success, outsize: 120
unique: 428, opcode: GETATTR (3), nodeid: 1, insize: 56, pid: 2918
getattr 0000000000000001 0
getdir 0000000000000001
   getattr -> 1380525406 1380525406 1380525406
   unique: 428, success, outsize: 120
unique: 429, opcode: GETATTR (3), nodeid: 1, insize: 56, pid: 2917
getattr 0000000000000001 0
getdir 0000000000000001
   getattr -> 1380525406 1380525406 1380525406
   unique: 429, success, outsize: 120
unique: 430, opcode: GETATTR (3), nodeid: 1, insize: 56, pid: 2918
getattr 0000000000000001 0
getdir 0000000000000001
   getattr -> 1380525406 1380525406 1380525406
   unique: 430, success, outsize: 120
unique: 431, opcode: GETATTR (3), nodeid: 1, insize: 56, pid: 2917
getattr 0000000000000001 0
getdir 0000000000000001
   getattr -> 1380525406 1380525406 1380525406
   unique: 431, success, outsize: 120
unique: 432, opcode: GETATTR (3), nodeid: 1, insize: 56, pid: 2918
getattr 0000000000000001 0
getdir 0000000000000001
   getattr -> 1380525406 1380525406 1380525406
   unique: 432, success, outsize: 120
unique: 433, opcode: GETATTR (3), nodeid: 1, insize: 56, pid: 2917
getattr 0000000000000001 0
getdir 0000000000000001
   getattr -> 1380525406 1380525406 1380525406
   unique: 433, success, outsize: 120
unique: 434, opcode: FORGET (2), nodeid: 1, insize: 48, pid: 0
